TN:
SF:src/router.ts
FN:23,(anonymous_0)
FN:35,(anonymous_1)
FNF:2
FNH:2
FNDA:4,(anonymous_0)
FNDA:5,(anonymous_1)
DA:1,2
DA:2,2
DA:3,2
DA:4,2
DA:6,2
DA:8,2
DA:11,2
DA:17,2
DA:23,4
DA:28,2
DA:35,5
DA:42,2
DA:48,2
DA:54,2
LF:14
LH:14
BRF:0
BRH:0
end_of_record
TN:
SF:src/server.ts
FN:6,connectDB
FN:24,(anonymous_2)
FNF:2
FNH:2
FNDA:3,connectDB
FNDA:1,(anonymous_2)
DA:1,2
DA:2,2
DA:3,2
DA:4,2
DA:6,2
DA:7,3
DA:8,3
DA:9,2
DA:13,1
DA:16,2
DA:18,2
DA:20,2
DA:22,2
DA:24,2
DA:25,1
DA:28,2
LF:16
LH:16
BRF:0
BRH:0
end_of_record
TN:
SF:src/config/db.ts
FNF:0
FNH:0
DA:1,2
DA:2,2
DA:3,2
DA:5,2
DA:10,2
LF:5
LH:5
BRF:0
BRH:0
end_of_record
TN:
SF:src/handlers/product.ts
FN:4,(anonymous_1)
FN:15,(anonymous_2)
FN:24,(anonymous_3)
FN:29,(anonymous_4)
FN:43,(anonymous_5)
FN:54,(anonymous_6)
FNF:6
FNH:6
FNDA:2,(anonymous_1)
FNDA:2,(anonymous_2)
FNDA:1,(anonymous_3)
FNDA:2,(anonymous_4)
FNDA:2,(anonymous_5)
FNDA:2,(anonymous_6)
DA:2,2
DA:4,2
DA:5,2
DA:12,2
DA:15,2
DA:16,2
DA:17,2
DA:18,2
DA:19,1
DA:21,1
DA:24,2
DA:25,1
DA:26,1
DA:29,2
DA:30,2
DA:31,2
DA:32,2
DA:33,1
DA:37,1
DA:38,1
DA:40,1
DA:43,2
DA:44,2
DA:45,2
DA:46,2
DA:47,1
DA:49,1
DA:50,1
DA:51,1
DA:54,2
DA:55,2
DA:56,2
DA:57,2
DA:58,1
DA:60,1
DA:61,1
LF:36
LH:36
BRDA:18,0,0,1
BRDA:18,0,1,1
BRDA:32,1,0,1
BRDA:32,1,1,1
BRDA:46,2,0,1
BRDA:46,2,1,1
BRDA:57,3,0,1
BRDA:57,3,1,1
BRF:8
BRH:8
end_of_record
TN:
SF:src/middleware/index.ts
FN:4,(anonymous_0)
FNF:1
FNH:1
FNDA:17,(anonymous_0)
DA:1,2
DA:4,2
DA:5,17
DA:7,17
DA:8,8
DA:11,9
LF:6
LH:6
BRDA:7,0,0,8
BRDA:7,0,1,9
BRF:2
BRH:2
end_of_record
TN:
SF:src/models/Product.models.ts
FNF:0
FNH:0
DA:1,3
DA:7,3
DA:11,3
DA:16,3
DA:22,3
DA:26,3
LF:6
LH:6
BRF:0
BRH:0
end_of_record
